TN:
SF:src/SimpleBank.sol
DA:29,775
FN:29,SimpleBank.deposit
FNDA:775,SimpleBank.deposit
DA:31,775
BRDA:31,0,0,1
DA:34,774
DA:37,774
DA:40,258
FN:40,SimpleBank.withdraw
FNDA:258,SimpleBank.withdraw
DA:42,258
BRDA:42,1,0,-
DA:45,258
DA:46,258
BRDA:46,2,0,1
DA:47,1
DA:51,257
DA:54,257
DA:55,257
BRDA:55,3,0,-
DA:58,257
DA:61,257
FN:61,SimpleBank.transfer
FNDA:257,SimpleBank.transfer
DA:63,257
BRDA:63,4,0,-
DA:66,257
DA:67,257
BRDA:67,5,0,-
DA:68,0
DA:72,257
DA:73,257
DA:76,257
DA:79,0
FN:79,SimpleBank.getBalance
FNDA:0,SimpleBank.getBalance
DA:80,0
DA:83,1
FN:83,SimpleBank.getTotalDeposits
FNDA:1,SimpleBank.getTotalDeposits
DA:84,1
FNF:5
FNH:4
LF:25
LH:22
BRF:6
BRH:2
end_of_record
